<?xml version="1.0" encoding="UTF-8"?>
<!-- Generated by org.testng.reporters.JUnitReportReporter -->
<testsuite hostname="MX3500006DC2695" failures="0" tests="1" name="restTest2.DemoTest" time="1.880" errors="0" timestamp="2022-10-18T13:49:32 CEST" skipped="0">
  <testcase classname="restTest2.DemoTest" name="testDeleteUsers" time="1.880"/>
  <system-out/>
</testsuite> <!-- restTest2.DemoTest -->
